{
  "RSpec": {
    "coverage": {
      "/Users/darylwatson/Desktop/projects/techtests/clothing_tech_test/config/environment.rb": [
        1,
        null,
        1
      ],
      "/Users/darylwatson/Desktop/projects/techtests/clothing_tech_test/config/application.rb": [
        1,
        null,
        1,
        null,
        1,
        1,
        1,
        1,
        1,
        1,
        1,
        null,
        null,
        null,
        null,
        1,
        null,
        1,
        1,
        null,
        null,
        null,
        null,
        null,
        null,
        null,
        null,
        null,
        null,
        null,
        null,
        null,
        1,
        null,
        null
      ],
      "/Users/darylwatson/Desktop/projects/techtests/clothing_tech_test/config/boot.rb": [
        1,
        null,
        1
      ],
      "/Users/darylwatson/Desktop/projects/techtests/clothing_tech_test/config/environments/test.rb": [
        1,
        null,
        null,
        null,
        null,
        null,
        null,
        1,
        null,
        null,
        null,
        null,
        1,
        null,
        null,
        1,
        1,
        null,
        null,
        1,
        1,
        null,
        null,
        1,
        null,
        null,
        1,
        null,
        null,
        null,
        null,
        1,
        null,
        null,
        1,
        null,
        null,
        1,
        null,
        null,
        null,
        null
      ],
      "/Users/darylwatson/Desktop/projects/techtests/clothing_tech_test/config/initializers/assets.rb": [
        null,
        null,
        null,
        1,
        null,
        null,
        null,
        null,
        null,
        null,
        null
      ],
      "/Users/darylwatson/Desktop/projects/techtests/clothing_tech_test/config/initializers/cookies_serializer.rb": [
        null,
        null,
        1
      ],
      "/Users/darylwatson/Desktop/projects/techtests/clothing_tech_test/config/initializers/filter_parameter_logging.rb": [
        null,
        null,
        null,
        1
      ],
      "/Users/darylwatson/Desktop/projects/techtests/clothing_tech_test/config/initializers/inflections.rb": [
        null,
        null,
        null,
        null,
        null,
        null,
        null,
        null,
        null,
        null,
        null,
        null,
        null,
        null,
        null,
        null
      ],
      "/Users/darylwatson/Desktop/projects/techtests/clothing_tech_test/config/initializers/mime_types.rb": [
        null,
        null,
        null,
        null
      ],
      "/Users/darylwatson/Desktop/projects/techtests/clothing_tech_test/config/initializers/session_store.rb": [
        null,
        null,
        1
      ],
      "/Users/darylwatson/Desktop/projects/techtests/clothing_tech_test/config/initializers/wrap_parameters.rb": [
        null,
        null,
        null,
        null,
        null,
        null,
        1,
        1,
        null,
        null,
        null,
        null,
        null,
        null
      ],
      "/Users/darylwatson/Desktop/projects/techtests/clothing_tech_test/config/routes.rb": [
        1,
        null,
        1,
        1,
        1,
        null,
        null,
        null,
        null,
        null,
        null,
        null,
        null,
        null,
        null,
        null,
        null,
        null,
        null,
        null,
        null,
        null,
        null,
        null,
        null,
        null,
        null,
        null,
        null,
        null,
        null,
        null,
        null,
        null,
        null,
        null,
        null,
        null,
        null,
        null,
        null,
        null,
        null,
        null,
        null,
        null,
        null,
        null,
        null,
        null,
        null,
        null,
        null,
        null,
        null,
        null,
        null,
        null,
        null,
        null,
        null
      ],
      "/Users/darylwatson/Desktop/projects/techtests/clothing_tech_test/app/helpers/vouchers_helper.rb": [
        1,
        null,
        1,
        1,
        1,
        null,
        1,
        176,
        null,
        null,
        1,
        51,
        44,
        128,
        null,
        null,
        null,
        1,
        128,
        109,
        null,
        null,
        null,
        null
      ],
      "/Users/darylwatson/Desktop/projects/techtests/clothing_tech_test/spec/features/vouchers_feature_spec.rb": [
        1,
        null,
        1,
        null,
        1,
        8,
        8,
        8,
        null,
        null,
        9,
        null,
        1,
        1,
        null,
        null,
        1,
        1,
        1,
        1,
        1,
        null,
        null,
        1,
        1,
        1,
        1,
        null,
        null,
        1,
        1,
        1,
        1,
        1,
        1,
        1,
        1,
        1,
        null,
        null,
        1,
        1,
        1,
        1,
        1,
        1,
        1,
        null,
        null,
        1,
        1,
        1,
        1,
        1,
        1,
        null,
        null,
        1,
        1,
        1,
        1,
        1,
        null,
        null,
        1,
        1,
        1,
        1,
        null,
        null,
        null
      ],
      "/Users/darylwatson/Desktop/projects/techtests/clothing_tech_test/spec/models/order_spec.rb": [
        1,
        null,
        1,
        null,
        2,
        null,
        null
      ],
      "/Users/darylwatson/Desktop/projects/techtests/clothing_tech_test/app/models/order.rb": [
        1,
        null,
        1,
        null,
        1,
        null,
        1,
        44,
        44,
        44,
        null,
        null,
        1,
        7,
        7,
        null,
        null,
        1,
        18,
        18,
        null,
        null,
        null
      ],
      "/Users/darylwatson/Desktop/projects/techtests/clothing_tech_test/spec/models/product_spec.rb": [
        1,
        null,
        1,
        null,
        2,
        null,
        1,
        4,
        null,
        null,
        null
      ],
      "/Users/darylwatson/Desktop/projects/techtests/clothing_tech_test/app/models/product.rb": [
        1,
        null,
        1,
        null,
        1,
        16,
        16,
        null,
        null,
        1,
        2,
        2,
        null,
        null,
        null
      ],
      "/Users/darylwatson/Desktop/projects/techtests/clothing_tech_test/app/controllers/orders_controller.rb": [
        1,
        null,
        1,
        null,
        1,
        44,
        97,
        44,
        44,
        44,
        44,
        44,
        null,
        null,
        1,
        7,
        7,
        7,
        7,
        null,
        null,
        null
      ],
      "/Users/darylwatson/Desktop/projects/techtests/clothing_tech_test/app/controllers/application_controller.rb": [
        1,
        null,
        null,
        1,
        null
      ],
      "/Users/darylwatson/Desktop/projects/techtests/clothing_tech_test/app/controllers/products_controller.rb": [
        1,
        null,
        1,
        16,
        16,
        16,
        16,
        16,
        16,
        null,
        null,
        1,
        2,
        2,
        2,
        2,
        2,
        2,
        null,
        null,
        null
      ]
    },
    "timestamp": 1438117406
  }
}
